Started GET "/" for 127.0.0.1 at 2019-01-21 07:17:58 -0500
Processing by Rails::WelcomeController#index as HTML
  Rendering /Users/emiri/.rbenv/versions/2.3.3/lib/ruby/gems/2.3.0/gems/railties-5.2.2/lib/rails/templates/rails/welcome/index.html.erb
  Rendered /Users/emiri/.rbenv/versions/2.3.3/lib/ruby/gems/2.3.0/gems/railties-5.2.2/lib/rails/templates/rails/welcome/index.html.erb (4.5ms)
Completed 200 OK in 25ms (Views: 14.4ms | ActiveRecord: 0.0ms)


  [1m[35m (0.1ms)[0m  [1m[34mSELECT sqlite_version(*)[0m
  ↳ /Users/emiri/.rbenv/versions/2.3.3/bin/rake:22
  [1m[35m (2.1ms)[0m  [1m[35mCREATE TABLE "schema_migrations" ("version" varchar NOT NULL PRIMARY KEY)[0m
  ↳ /Users/emiri/.rbenv/versions/2.3.3/bin/rake:22
  [1m[35m (1.1ms)[0m  [1m[35mCREATE TABLE "ar_internal_metadata" ("key" varchar NOT NULL PRIMARY KEY, "value" varchar, "created_at" datetime NOT NULL, "updated_at" datetime NOT NULL)[0m
  ↳ /Users/emiri/.rbenv/versions/2.3.3/bin/rake:22
  [1m[35m (0.1ms)[0m  [1m[34mSELECT "schema_migrations"."version" FROM "schema_migrations" ORDER BY "schema_migrations"."version" ASC[0m
  ↳ /Users/emiri/.rbenv/versions/2.3.3/bin/rake:22
Migrating to CreateGarage (20190121122814)
  [1m[35m (0.1ms)[0m  [1m[36mbegin transaction[0m
  ↳ /Users/emiri/.rbenv/versions/2.3.3/bin/rake:22
  [1m[35m (0.4ms)[0m  [1m[35mCREATE TABLE "garages" ("id" integer PRIMARY KEY AUTOINCREMENT NOT NULL, "name" varchar NOT NULL)[0m
  ↳ db/migrate/20190121122814_create_garage.rb:3
  [1m[36mActiveRecord::SchemaMigration Create (0.1ms)[0m  [1m[32mINSERT INTO "schema_migrations" ("version") VALUES (?)[0m  [["version", "20190121122814"]]
  ↳ /Users/emiri/.rbenv/versions/2.3.3/bin/rake:22
  [1m[35m (1.0ms)[0m  [1m[36mcommit transaction[0m
  ↳ /Users/emiri/.rbenv/versions/2.3.3/bin/rake:22
  [1m[36mActiveRecord::InternalMetadata Load (0.2ms)[0m  [1m[34mSELECT  "ar_internal_metadata".* FROM "ar_internal_metadata" WHERE "ar_internal_metadata"."key" = ? LIMIT ?[0m  [["key", "environment"], ["LIMIT", 1]]
  ↳ /Users/emiri/.rbenv/versions/2.3.3/bin/rake:22
  [1m[35m (0.0ms)[0m  [1m[36mbegin transaction[0m
  ↳ /Users/emiri/.rbenv/versions/2.3.3/bin/rake:22
  [1m[36mActiveRecord::InternalMetadata Create (0.3ms)[0m  [1m[32mINSERT INTO "ar_internal_metadata" ("key", "value", "created_at", "updated_at") VALUES (?, ?, ?, ?)[0m  [["key", "environment"], ["value", "development"], ["created_at", "2019-01-21 12:31:29.630043"], ["updated_at", "2019-01-21 12:31:29.630043"]]
  ↳ /Users/emiri/.rbenv/versions/2.3.3/bin/rake:22
  [1m[35m (0.9ms)[0m  [1m[36mcommit transaction[0m
  ↳ /Users/emiri/.rbenv/versions/2.3.3/bin/rake:22
  [1m[35m (0.1ms)[0m  [1m[34mSELECT "schema_migrations"."version" FROM "schema_migrations" ORDER BY "schema_migrations"."version" ASC[0m
  ↳ /Users/emiri/.rbenv/versions/2.3.3/bin/rake:22
  [1m[35m (0.1ms)[0m  [1m[34mSELECT "schema_migrations"."version" FROM "schema_migrations" ORDER BY "schema_migrations"."version" ASC[0m
  ↳ /Users/emiri/.rbenv/versions/2.3.3/bin/rake:22
Migrating to CreateFloors (20190121123420)
  [1m[35m (0.1ms)[0m  [1m[36mbegin transaction[0m
  ↳ /Users/emiri/.rbenv/versions/2.3.3/bin/rake:22
  [1m[35m (0.1ms)[0m  [1m[34mSELECT sqlite_version(*)[0m
  ↳ db/migrate/20190121123420_create_floors.rb:3
  [1m[35m (0.4ms)[0m  [1m[35mCREATE TABLE "floors" ("id" integer PRIMARY KEY AUTOINCREMENT NOT NULL, "number_of_spaces" integer NOT NULL, "garage_id" integer)[0m
  ↳ db/migrate/20190121123420_create_floors.rb:3
  [1m[35m (0.1ms)[0m  [1m[35mCREATE  INDEX "index_floors_on_garage_id" ON "floors" ("garage_id")[0m
  ↳ db/migrate/20190121123420_create_floors.rb:3
  [1m[36mActiveRecord::SchemaMigration Create (0.2ms)[0m  [1m[32mINSERT INTO "schema_migrations" ("version") VALUES (?)[0m  [["version", "20190121123420"]]
  ↳ /Users/emiri/.rbenv/versions/2.3.3/bin/rake:22
  [1m[35m (1.5ms)[0m  [1m[36mcommit transaction[0m
  ↳ /Users/emiri/.rbenv/versions/2.3.3/bin/rake:22
  [1m[36mActiveRecord::InternalMetadata Load (0.2ms)[0m  [1m[34mSELECT  "ar_internal_metadata".* FROM "ar_internal_metadata" WHERE "ar_internal_metadata"."key" = ? LIMIT ?[0m  [["key", "environment"], ["LIMIT", 1]]
  ↳ /Users/emiri/.rbenv/versions/2.3.3/bin/rake:22
  [1m[35m (0.1ms)[0m  [1m[36mbegin transaction[0m
  ↳ /Users/emiri/.rbenv/versions/2.3.3/bin/rake:22
  [1m[35m (0.0ms)[0m  [1m[36mcommit transaction[0m
  ↳ /Users/emiri/.rbenv/versions/2.3.3/bin/rake:22
  [1m[35m (0.1ms)[0m  [1m[34mSELECT "schema_migrations"."version" FROM "schema_migrations" ORDER BY "schema_migrations"."version" ASC[0m
  ↳ /Users/emiri/.rbenv/versions/2.3.3/bin/rake:22
  [1m[36mFloor Load (0.1ms)[0m  [1m[34mSELECT  "floors".* FROM "floors" ORDER BY "floors"."id" DESC LIMIT ?[0m  [["LIMIT", 1]]
  [1m[36mGarage Load (0.1ms)[0m  [1m[34mSELECT  "garages".* FROM "garages" ORDER BY "garages"."id" DESC LIMIT ?[0m  [["LIMIT", 1]]
  [1m[35m (0.1ms)[0m  [1m[36mbegin transaction[0m
  [1m[36mGarage Create (0.5ms)[0m  [1m[32mINSERT INTO "garages" ("name") VALUES (?)[0m  [["name", "test"]]
  [1m[35m (2.8ms)[0m  [1m[36mcommit transaction[0m
  [1m[36mGarage Load (0.2ms)[0m  [1m[34mSELECT  "garages".* FROM "garages" ORDER BY "garages"."id" DESC LIMIT ?[0m  [["LIMIT", 1]]
  [1m[36mFloor Load (0.2ms)[0m  [1m[34mSELECT  "floors".* FROM "floors" WHERE "floors"."garage_id" = ? LIMIT ?[0m  [["garage_id", 1], ["LIMIT", 11]]
  [1m[36mGarage Load (5.9ms)[0m  [1m[34mSELECT  "garages".* FROM "garages" ORDER BY "garages"."id" DESC LIMIT ?[0m  [["LIMIT", 1]]
  [1m[35m (0.1ms)[0m  [1m[36mbegin transaction[0m
  [1m[35m (0.1ms)[0m  [1m[31mrollback transaction[0m
  [1m[36mGarage Load (0.2ms)[0m  [1m[34mSELECT  "garages".* FROM "garages" ORDER BY "garages"."id" DESC LIMIT ?[0m  [["LIMIT", 1]]
  [1m[35m (0.1ms)[0m  [1m[36mbegin transaction[0m
  [1m[36mFloor Create (0.4ms)[0m  [1m[32mINSERT INTO "floors" ("number_of_spaces", "garage_id") VALUES (?, ?)[0m  [["number_of_spaces", 10], ["garage_id", 1]]
  [1m[35m (2.6ms)[0m  [1m[36mcommit transaction[0m
  [1m[36mGarage Load (0.2ms)[0m  [1m[34mSELECT  "garages".* FROM "garages" ORDER BY "garages"."id" DESC LIMIT ?[0m  [["LIMIT", 1]]
  [1m[35m (0.1ms)[0m  [1m[36mbegin transaction[0m
  [1m[36mFloor Create (0.4ms)[0m  [1m[32mINSERT INTO "floors" ("number_of_spaces", "garage_id") VALUES (?, ?)[0m  [["number_of_spaces", 5], ["garage_id", 1]]
  [1m[35m (1.1ms)[0m  [1m[36mcommit transaction[0m
  [1m[36mGarage Load (0.5ms)[0m  [1m[34mSELECT  "garages".* FROM "garages" ORDER BY "garages"."id" DESC LIMIT ?[0m  [["LIMIT", 1]]
  [1m[36mFloor Load (0.2ms)[0m  [1m[34mSELECT "floors".* FROM "floors" WHERE "floors"."garage_id" = ?[0m  [["garage_id", 1]]
  [1m[36mGarage Load (0.1ms)[0m  [1m[34mSELECT  "garages".* FROM "garages" ORDER BY "garages"."id" DESC LIMIT ?[0m  [["LIMIT", 1]]
  [1m[36mFloor Load (0.4ms)[0m  [1m[34mSELECT "floors".* FROM "floors" WHERE "floors"."garage_id" = ?[0m  [["garage_id", 1]]
  [1m[36mGarage Load (0.1ms)[0m  [1m[34mSELECT  "garages".* FROM "garages" ORDER BY "garages"."id" DESC LIMIT ?[0m  [["LIMIT", 1]]
  [1m[36mFloor Load (0.3ms)[0m  [1m[34mSELECT "floors".* FROM "floors" WHERE "floors"."garage_id" = ?[0m  [["garage_id", 1]]
  [1m[35m (0.1ms)[0m  [1m[34mSELECT "schema_migrations"."version" FROM "schema_migrations" ORDER BY "schema_migrations"."version" ASC[0m
  ↳ /Users/emiri/.rbenv/versions/2.3.3/bin/rake:22
Migrating to CreateParkingTransaction (20190121125221)
  [1m[35m (0.1ms)[0m  [1m[36mbegin transaction[0m
  ↳ /Users/emiri/.rbenv/versions/2.3.3/bin/rake:22
  [1m[35m (0.1ms)[0m  [1m[34mSELECT sqlite_version(*)[0m
  ↳ db/migrate/20190121125221_create_parking_transaction.rb:3
  [1m[35m (0.4ms)[0m  [1m[35mCREATE TABLE "parking_transactions" ("id" integer PRIMARY KEY AUTOINCREMENT NOT NULL, "floor_id" integer)[0m
  ↳ db/migrate/20190121125221_create_parking_transaction.rb:3
  [1m[35m (0.1ms)[0m  [1m[35mCREATE  INDEX "index_parking_transactions_on_floor_id" ON "parking_transactions" ("floor_id")[0m
  ↳ db/migrate/20190121125221_create_parking_transaction.rb:3
  [1m[36mActiveRecord::SchemaMigration Create (0.1ms)[0m  [1m[32mINSERT INTO "schema_migrations" ("version") VALUES (?)[0m  [["version", "20190121125221"]]
  ↳ /Users/emiri/.rbenv/versions/2.3.3/bin/rake:22
  [1m[35m (0.8ms)[0m  [1m[36mcommit transaction[0m
  ↳ /Users/emiri/.rbenv/versions/2.3.3/bin/rake:22
  [1m[36mActiveRecord::InternalMetadata Load (0.3ms)[0m  [1m[34mSELECT  "ar_internal_metadata".* FROM "ar_internal_metadata" WHERE "ar_internal_metadata"."key" = ? LIMIT ?[0m  [["key", "environment"], ["LIMIT", 1]]
  ↳ /Users/emiri/.rbenv/versions/2.3.3/bin/rake:22
  [1m[35m (0.0ms)[0m  [1m[36mbegin transaction[0m
  ↳ /Users/emiri/.rbenv/versions/2.3.3/bin/rake:22
  [1m[35m (0.3ms)[0m  [1m[36mcommit transaction[0m
  ↳ /Users/emiri/.rbenv/versions/2.3.3/bin/rake:22
  [1m[35m (0.2ms)[0m  [1m[34mSELECT "schema_migrations"."version" FROM "schema_migrations" ORDER BY "schema_migrations"."version" ASC[0m
  ↳ /Users/emiri/.rbenv/versions/2.3.3/bin/rake:22
  [1m[36mFloor Load (0.1ms)[0m  [1m[34mSELECT  "floors".* FROM "floors" ORDER BY "floors"."id" DESC LIMIT ?[0m  [["LIMIT", 1]]
  [1m[36mFloor Load (0.1ms)[0m  [1m[34mSELECT  "floors".* FROM "floors" ORDER BY "floors"."id" DESC LIMIT ?[0m  [["LIMIT", 1]]
  [1m[36mFloor Load (0.2ms)[0m  [1m[34mSELECT  "floors".* FROM "floors" ORDER BY "floors"."id" DESC LIMIT ?[0m  [["LIMIT", 1]]
  [1m[35m (0.1ms)[0m  [1m[36mbegin transaction[0m
  [1m[36mParkingTransaction Create (0.5ms)[0m  [1m[32mINSERT INTO "parking_transactions" ("floor_id") VALUES (?)[0m  [["floor_id", 2]]
  [1m[35m (1.2ms)[0m  [1m[36mcommit transaction[0m
  [1m[36mGarage Load (0.1ms)[0m  [1m[34mSELECT  "garages".* FROM "garages" ORDER BY "garages"."id" DESC LIMIT ?[0m  [["LIMIT", 1]]
  [1m[36mGarage Load (0.2ms)[0m  [1m[34mSELECT  "garages".* FROM "garages" ORDER BY "garages"."id" DESC LIMIT ?[0m  [["LIMIT", 1]]
  [1m[36mGarage Load (0.1ms)[0m  [1m[34mSELECT  "garages".* FROM "garages" ORDER BY "garages"."id" DESC LIMIT ?[0m  [["LIMIT", 1]]
  [1m[36mGarage Load (0.1ms)[0m  [1m[34mSELECT  "garages".* FROM "garages" ORDER BY "garages"."id" DESC LIMIT ?[0m  [["LIMIT", 1]]
  [1m[36mParkingTransaction Load (0.3ms)[0m  [1m[34mSELECT  "parking_transactions".* FROM "parking_transactions" INNER JOIN "floors" ON "parking_transactions"."floor_id" = "floors"."id" WHERE "floors"."garage_id" = ? LIMIT ?[0m  [["garage_id", 1], ["LIMIT", 11]]
  [1m[36mParkingTransaction Load (0.1ms)[0m  [1m[34mSELECT  "parking_transactions".* FROM "parking_transactions" ORDER BY "parking_transactions"."id" DESC LIMIT ?[0m  [["LIMIT", 1]]
  [1m[36mFloor Load (0.1ms)[0m  [1m[34mSELECT  "floors".* FROM "floors" WHERE "floors"."id" = ? LIMIT ?[0m  [["id", 2], ["LIMIT", 1]]
  [1m[36mGarage Load (0.1ms)[0m  [1m[34mSELECT  "garages".* FROM "garages" WHERE "garages"."id" = ? LIMIT ?[0m  [["id", 1], ["LIMIT", 1]]
  [1m[35m (0.7ms)[0m  [1m[34mSELECT "schema_migrations"."version" FROM "schema_migrations" ORDER BY "schema_migrations"."version" ASC[0m
  ↳ /Users/emiri/.rbenv/versions/2.3.3/bin/rake:22
Migrating to AddActiveToParkingTransaction (20190121131157)
  [1m[35m (0.1ms)[0m  [1m[36mbegin transaction[0m
  ↳ /Users/emiri/.rbenv/versions/2.3.3/bin/rake:22
  [1m[35m (0.0ms)[0m  [1m[31mrollback transaction[0m
  ↳ /Users/emiri/.rbenv/versions/2.3.3/bin/rake:22
  [1m[35m (0.1ms)[0m  [1m[34mSELECT "schema_migrations"."version" FROM "schema_migrations" ORDER BY "schema_migrations"."version" ASC[0m
  ↳ /Users/emiri/.rbenv/versions/2.3.3/bin/rake:22
Migrating to AddActiveToParkingTransaction (20190121131157)
  [1m[35m (0.1ms)[0m  [1m[36mbegin transaction[0m
  ↳ /Users/emiri/.rbenv/versions/2.3.3/bin/rake:22
  [1m[35m (0.8ms)[0m  [1m[35mALTER TABLE "parking_transactions" ADD "active" boolean DEFAULT 1 NOT NULL[0m
  ↳ db/migrate/20190121131157_add_active_to_parking_transaction.rb:3
  [1m[35m (0.1ms)[0m  [1m[34mSELECT sqlite_version(*)[0m
  ↳ db/migrate/20190121131157_add_active_to_parking_transaction.rb:4
  [1m[35m (0.1ms)[0m  [1m[35mCREATE  INDEX "index_parking_transactions_on_active" ON "parking_transactions" ("active")[0m
  ↳ db/migrate/20190121131157_add_active_to_parking_transaction.rb:4
  [1m[36mActiveRecord::SchemaMigration Create (0.2ms)[0m  [1m[32mINSERT INTO "schema_migrations" ("version") VALUES (?)[0m  [["version", "20190121131157"]]
  ↳ /Users/emiri/.rbenv/versions/2.3.3/bin/rake:22
  [1m[35m (0.9ms)[0m  [1m[36mcommit transaction[0m
  ↳ /Users/emiri/.rbenv/versions/2.3.3/bin/rake:22
  [1m[36mActiveRecord::InternalMetadata Load (0.2ms)[0m  [1m[34mSELECT  "ar_internal_metadata".* FROM "ar_internal_metadata" WHERE "ar_internal_metadata"."key" = ? LIMIT ?[0m  [["key", "environment"], ["LIMIT", 1]]
  ↳ /Users/emiri/.rbenv/versions/2.3.3/bin/rake:22
  [1m[35m (0.1ms)[0m  [1m[36mbegin transaction[0m
  ↳ /Users/emiri/.rbenv/versions/2.3.3/bin/rake:22
  [1m[35m (0.0ms)[0m  [1m[36mcommit transaction[0m
  ↳ /Users/emiri/.rbenv/versions/2.3.3/bin/rake:22
  [1m[35m (0.1ms)[0m  [1m[34mSELECT "schema_migrations"."version" FROM "schema_migrations" ORDER BY "schema_migrations"."version" ASC[0m
  ↳ /Users/emiri/.rbenv/versions/2.3.3/bin/rake:22
  [1m[36mParkingTransaction Destroy (1.9ms)[0m  [1m[31mDELETE FROM "parking_transactions"[0m
  [1m[35m (0.2ms)[0m  [1m[34mSELECT "schema_migrations"."version" FROM "schema_migrations" ORDER BY "schema_migrations"."version" ASC[0m
  ↳ /Users/emiri/.rbenv/versions/2.3.3/bin/rake:22
Migrating to AddTicketToParkingTransactions (20190121172734)
  [1m[35m (0.1ms)[0m  [1m[36mbegin transaction[0m
  ↳ /Users/emiri/.rbenv/versions/2.3.3/bin/rake:22
  [1m[35m (0.7ms)[0m  [1m[35mALTER TABLE "parking_transactions" ADD "ticket" varchar NOT NULL[0m
  ↳ db/migrate/20190121172734_add_ticket_to_parking_transactions.rb:3
  [1m[35m (0.0ms)[0m  [1m[31mrollback transaction[0m
  ↳ /Users/emiri/.rbenv/versions/2.3.3/bin/rake:22
  [1m[36mParkingTransaction Load (0.1ms)[0m  [1m[34mSELECT  "parking_transactions".* FROM "parking_transactions" ORDER BY "parking_transactions"."id" DESC LIMIT ?[0m  [["LIMIT", 1]]
  [1m[35m (0.2ms)[0m  [1m[34mSELECT "schema_migrations"."version" FROM "schema_migrations" ORDER BY "schema_migrations"."version" ASC[0m
  ↳ /Users/emiri/.rbenv/versions/2.3.3/bin/rake:22
  [1m[35m (0.1ms)[0m  [1m[34mSELECT "schema_migrations"."version" FROM "schema_migrations" ORDER BY "schema_migrations"."version" ASC[0m
  ↳ /Users/emiri/.rbenv/versions/2.3.3/bin/rake:22
  [1m[35m (0.1ms)[0m  [1m[34mSELECT "schema_migrations"."version" FROM "schema_migrations" ORDER BY "schema_migrations"."version" ASC[0m
  ↳ /Users/emiri/.rbenv/versions/2.3.3/bin/rake:22
  [1m[35m (0.1ms)[0m  [1m[34mSELECT "schema_migrations"."version" FROM "schema_migrations" ORDER BY "schema_migrations"."version" ASC[0m
  ↳ /Users/emiri/.rbenv/versions/2.3.3/bin/rake:22
Migrating to AddActiveToParkingTransaction (20190121131157)
  [1m[35m (0.1ms)[0m  [1m[36mbegin transaction[0m
  ↳ /Users/emiri/.rbenv/versions/2.3.3/bin/rake:22
  [1m[35m (0.3ms)[0m  [1m[35mDROP INDEX "index_parking_transactions_on_active"[0m
  ↳ /Users/emiri/.rbenv/versions/2.3.3/bin/rake:22
  [1m[35m (0.1ms)[0m  [1m[34mSELECT sqlite_version(*)[0m
  ↳ /Users/emiri/.rbenv/versions/2.3.3/bin/rake:22
  [1m[35m (0.2ms)[0m  [1m[35mCREATE TEMPORARY TABLE "aparking_transactions" ("id" integer NOT NULL PRIMARY KEY, "floor_id" integer DEFAULT NULL, "active" boolean DEFAULT 1 NOT NULL)[0m
  ↳ /Users/emiri/.rbenv/versions/2.3.3/bin/rake:22
  [1m[35m (0.1ms)[0m  [1m[35mCREATE  INDEX "tindex_aparking_transactions_on_floor_id" ON "aparking_transactions" ("floor_id")[0m
  ↳ /Users/emiri/.rbenv/versions/2.3.3/bin/rake:22
  [1m[35m (0.1ms)[0m  [1m[32mINSERT INTO "aparking_transactions" ("id","floor_id","active")
                     SELECT "id","floor_id","active" FROM "parking_transactions"[0m
  ↳ /Users/emiri/.rbenv/versions/2.3.3/bin/rake:22
  [1m[35m (0.6ms)[0m  [1m[35mDROP TABLE "parking_transactions"[0m
  ↳ /Users/emiri/.rbenv/versions/2.3.3/bin/rake:22
  [1m[35m (0.1ms)[0m  [1m[35mCREATE TABLE "parking_transactions" ("id" integer NOT NULL PRIMARY KEY, "floor_id" integer DEFAULT NULL)[0m
  ↳ /Users/emiri/.rbenv/versions/2.3.3/bin/rake:22
  [1m[35m (0.1ms)[0m  [1m[35mCREATE  INDEX "index_parking_transactions_on_floor_id" ON "parking_transactions" ("floor_id")[0m
  ↳ /Users/emiri/.rbenv/versions/2.3.3/bin/rake:22
  [1m[35m (0.1ms)[0m  [1m[32mINSERT INTO "parking_transactions" ("id","floor_id")
                     SELECT "id","floor_id" FROM "aparking_transactions"[0m
  ↳ /Users/emiri/.rbenv/versions/2.3.3/bin/rake:22
  [1m[35m (0.1ms)[0m  [1m[35mDROP TABLE "aparking_transactions"[0m
  ↳ /Users/emiri/.rbenv/versions/2.3.3/bin/rake:22
  [1m[36mActiveRecord::SchemaMigration Destroy (0.3ms)[0m  [1m[31mDELETE FROM "schema_migrations" WHERE "schema_migrations"."version" = ?[0m  [["version", "20190121131157"]]
  ↳ /Users/emiri/.rbenv/versions/2.3.3/bin/rake:22
  [1m[35m (0.8ms)[0m  [1m[36mcommit transaction[0m
  ↳ /Users/emiri/.rbenv/versions/2.3.3/bin/rake:22
  [1m[35m (0.1ms)[0m  [1m[34mSELECT "schema_migrations"."version" FROM "schema_migrations" ORDER BY "schema_migrations"."version" ASC[0m
  ↳ /Users/emiri/.rbenv/versions/2.3.3/bin/rake:22
  [1m[35m (0.1ms)[0m  [1m[34mSELECT "schema_migrations"."version" FROM "schema_migrations" ORDER BY "schema_migrations"."version" ASC[0m
  ↳ /Users/emiri/.rbenv/versions/2.3.3/bin/rake:22
  [1m[35m (0.1ms)[0m  [1m[34mSELECT "schema_migrations"."version" FROM "schema_migrations" ORDER BY "schema_migrations"."version" ASC[0m
  ↳ /Users/emiri/.rbenv/versions/2.3.3/bin/rake:22
  [1m[35m (0.1ms)[0m  [1m[34mSELECT "schema_migrations"."version" FROM "schema_migrations" ORDER BY "schema_migrations"."version" ASC[0m
  ↳ /Users/emiri/.rbenv/versions/2.3.3/bin/rake:22
  [1m[35m (0.1ms)[0m  [1m[34mSELECT "schema_migrations"."version" FROM "schema_migrations" ORDER BY "schema_migrations"."version" ASC[0m
  ↳ /Users/emiri/.rbenv/versions/2.3.3/bin/rake:22
Migrating to CreateParkingTransaction (20190121125221)
  [1m[35m (0.1ms)[0m  [1m[36mbegin transaction[0m
  ↳ /Users/emiri/.rbenv/versions/2.3.3/bin/rake:22
  [1m[35m (0.0ms)[0m  [1m[31mrollback transaction[0m
  ↳ /Users/emiri/.rbenv/versions/2.3.3/bin/rake:22
  [1m[35m (0.1ms)[0m  [1m[34mSELECT "schema_migrations"."version" FROM "schema_migrations" ORDER BY "schema_migrations"."version" ASC[0m
  ↳ /Users/emiri/.rbenv/versions/2.3.3/bin/rake:22
  [1m[35m (0.1ms)[0m  [1m[34mSELECT "schema_migrations"."version" FROM "schema_migrations" ORDER BY "schema_migrations"."version" ASC[0m
  ↳ /Users/emiri/.rbenv/versions/2.3.3/bin/rake:22
  [1m[35m (0.1ms)[0m  [1m[34mSELECT "schema_migrations"."version" FROM "schema_migrations" ORDER BY "schema_migrations"."version" ASC[0m
  ↳ /Users/emiri/.rbenv/versions/2.3.3/bin/rake:22
  [1m[35m (0.1ms)[0m  [1m[34mSELECT "schema_migrations"."version" FROM "schema_migrations" ORDER BY "schema_migrations"."version" ASC[0m
  ↳ /Users/emiri/.rbenv/versions/2.3.3/bin/rake:22
Migrating to CreateParkingTransaction (20190121125221)
  [1m[35m (0.0ms)[0m  [1m[36mbegin transaction[0m
  ↳ /Users/emiri/.rbenv/versions/2.3.3/bin/rake:22
  [1m[35m (0.6ms)[0m  [1m[35mDROP TABLE "parking_transactions"[0m
  ↳ /Users/emiri/.rbenv/versions/2.3.3/bin/rake:22
  [1m[36mActiveRecord::SchemaMigration Destroy (0.5ms)[0m  [1m[31mDELETE FROM "schema_migrations" WHERE "schema_migrations"."version" = ?[0m  [["version", "20190121125221"]]
  ↳ /Users/emiri/.rbenv/versions/2.3.3/bin/rake:22
  [1m[35m (1.0ms)[0m  [1m[36mcommit transaction[0m
  ↳ /Users/emiri/.rbenv/versions/2.3.3/bin/rake:22
  [1m[35m (0.1ms)[0m  [1m[34mSELECT "schema_migrations"."version" FROM "schema_migrations" ORDER BY "schema_migrations"."version" ASC[0m
  ↳ /Users/emiri/.rbenv/versions/2.3.3/bin/rake:22
  [1m[35m (0.1ms)[0m  [1m[34mSELECT "schema_migrations"."version" FROM "schema_migrations" ORDER BY "schema_migrations"."version" ASC[0m
  ↳ /Users/emiri/.rbenv/versions/2.3.3/bin/rake:22
Migrating to CreateParkingTransaction (20190121125221)
  [1m[35m (0.1ms)[0m  [1m[36mbegin transaction[0m
  ↳ /Users/emiri/.rbenv/versions/2.3.3/bin/rake:22
  [1m[35m (0.1ms)[0m  [1m[34mSELECT sqlite_version(*)[0m
  ↳ db/migrate/20190121125221_create_parking_transaction.rb:3
  [1m[35m (0.4ms)[0m  [1m[35mCREATE TABLE "parking_transactions" ("id" integer PRIMARY KEY AUTOINCREMENT NOT NULL, "floor_id" integer, "active" boolean DEFAULT 1 NOT NULL, "ticket" varchar NOT NULL)[0m
  ↳ db/migrate/20190121125221_create_parking_transaction.rb:3
  [1m[35m (0.1ms)[0m  [1m[35mCREATE  INDEX "index_parking_transactions_on_floor_id" ON "parking_transactions" ("floor_id")[0m
  ↳ db/migrate/20190121125221_create_parking_transaction.rb:3
  [1m[35m (0.1ms)[0m  [1m[35mCREATE  INDEX "index_parking_transactions_on_active" ON "parking_transactions" ("active")[0m
  ↳ db/migrate/20190121125221_create_parking_transaction.rb:9
  [1m[36mActiveRecord::SchemaMigration Create (0.2ms)[0m  [1m[32mINSERT INTO "schema_migrations" ("version") VALUES (?)[0m  [["version", "20190121125221"]]
  ↳ /Users/emiri/.rbenv/versions/2.3.3/bin/rake:22
  [1m[35m (1.0ms)[0m  [1m[36mcommit transaction[0m
  ↳ /Users/emiri/.rbenv/versions/2.3.3/bin/rake:22
  [1m[36mActiveRecord::InternalMetadata Load (0.2ms)[0m  [1m[34mSELECT  "ar_internal_metadata".* FROM "ar_internal_metadata" WHERE "ar_internal_metadata"."key" = ? LIMIT ?[0m  [["key", "environment"], ["LIMIT", 1]]
  ↳ /Users/emiri/.rbenv/versions/2.3.3/bin/rake:22
  [1m[35m (0.1ms)[0m  [1m[36mbegin transaction[0m
  ↳ /Users/emiri/.rbenv/versions/2.3.3/bin/rake:22
  [1m[35m (0.0ms)[0m  [1m[36mcommit transaction[0m
  ↳ /Users/emiri/.rbenv/versions/2.3.3/bin/rake:22
  [1m[35m (0.1ms)[0m  [1m[34mSELECT "schema_migrations"."version" FROM "schema_migrations" ORDER BY "schema_migrations"."version" ASC[0m
  ↳ /Users/emiri/.rbenv/versions/2.3.3/bin/rake:22
  [1m[36mParkingTransaction Load (0.1ms)[0m  [1m[34mSELECT  "parking_transactions".* FROM "parking_transactions" ORDER BY "parking_transactions"."id" DESC LIMIT ?[0m  [["LIMIT", 1]]
  [1m[35m (0.1ms)[0m  [1m[34mSELECT "schema_migrations"."version" FROM "schema_migrations" ORDER BY "schema_migrations"."version" ASC[0m
  ↳ /Users/emiri/.rbenv/versions/2.3.3/bin/rake:22
  [1m[35m (0.1ms)[0m  [1m[34mSELECT "schema_migrations"."version" FROM "schema_migrations" ORDER BY "schema_migrations"."version" ASC[0m
  ↳ /Users/emiri/.rbenv/versions/2.3.3/bin/rake:22
  [1m[35m (0.1ms)[0m  [1m[34mSELECT "schema_migrations"."version" FROM "schema_migrations" ORDER BY "schema_migrations"."version" ASC[0m
  ↳ /Users/emiri/.rbenv/versions/2.3.3/bin/rake:22
  [1m[35m (0.1ms)[0m  [1m[34mSELECT "schema_migrations"."version" FROM "schema_migrations" ORDER BY "schema_migrations"."version" ASC[0m
  ↳ /Users/emiri/.rbenv/versions/2.3.3/bin/rake:22
Migrating to CreateParkingTransaction (20190121125221)
  [1m[35m (0.1ms)[0m  [1m[36mbegin transaction[0m
  ↳ /Users/emiri/.rbenv/versions/2.3.3/bin/rake:22
  [1m[35m (0.4ms)[0m  [1m[35mDROP INDEX "index_parking_transactions_on_active"[0m
  ↳ /Users/emiri/.rbenv/versions/2.3.3/bin/rake:22
  [1m[35m (0.2ms)[0m  [1m[35mDROP TABLE "parking_transactions"[0m
  ↳ /Users/emiri/.rbenv/versions/2.3.3/bin/rake:22
  [1m[36mActiveRecord::SchemaMigration Destroy (0.2ms)[0m  [1m[31mDELETE FROM "schema_migrations" WHERE "schema_migrations"."version" = ?[0m  [["version", "20190121125221"]]
  ↳ /Users/emiri/.rbenv/versions/2.3.3/bin/rake:22
  [1m[35m (0.9ms)[0m  [1m[36mcommit transaction[0m
  ↳ /Users/emiri/.rbenv/versions/2.3.3/bin/rake:22
  [1m[35m (0.1ms)[0m  [1m[34mSELECT "schema_migrations"."version" FROM "schema_migrations" ORDER BY "schema_migrations"."version" ASC[0m
  ↳ /Users/emiri/.rbenv/versions/2.3.3/bin/rake:22
  [1m[35m (0.2ms)[0m  [1m[34mSELECT "schema_migrations"."version" FROM "schema_migrations" ORDER BY "schema_migrations"."version" ASC[0m
  ↳ /Users/emiri/.rbenv/versions/2.3.3/bin/rake:22
Migrating to CreateParkingTransaction (20190121125221)
  [1m[35m (0.1ms)[0m  [1m[36mbegin transaction[0m
  ↳ /Users/emiri/.rbenv/versions/2.3.3/bin/rake:22
  [1m[35m (0.1ms)[0m  [1m[34mSELECT sqlite_version(*)[0m
  ↳ db/migrate/20190121125221_create_parking_transaction.rb:3
  [1m[35m (0.4ms)[0m  [1m[35mCREATE TABLE "parking_transactions" ("id" integer PRIMARY KEY AUTOINCREMENT NOT NULL, "floor_id" integer, "active" boolean DEFAULT 1 NOT NULL, "ticket" varchar NOT NULL)[0m
  ↳ db/migrate/20190121125221_create_parking_transaction.rb:3
  [1m[35m (0.1ms)[0m  [1m[35mCREATE  INDEX "index_parking_transactions_on_floor_id" ON "parking_transactions" ("floor_id")[0m
  ↳ db/migrate/20190121125221_create_parking_transaction.rb:3
  [1m[35m (0.1ms)[0m  [1m[35mCREATE  INDEX "index_parking_transactions_on_active" ON "parking_transactions" ("active")[0m
  ↳ db/migrate/20190121125221_create_parking_transaction.rb:9
  [1m[35m (0.1ms)[0m  [1m[35mCREATE  INDEX "index_parking_transactions_on_ticket" ON "parking_transactions" ("ticket")[0m
  ↳ db/migrate/20190121125221_create_parking_transaction.rb:10
  [1m[36mActiveRecord::SchemaMigration Create (0.1ms)[0m  [1m[32mINSERT INTO "schema_migrations" ("version") VALUES (?)[0m  [["version", "20190121125221"]]
  ↳ /Users/emiri/.rbenv/versions/2.3.3/bin/rake:22
  [1m[35m (0.9ms)[0m  [1m[36mcommit transaction[0m
  ↳ /Users/emiri/.rbenv/versions/2.3.3/bin/rake:22
  [1m[36mActiveRecord::InternalMetadata Load (0.2ms)[0m  [1m[34mSELECT  "ar_internal_metadata".* FROM "ar_internal_metadata" WHERE "ar_internal_metadata"."key" = ? LIMIT ?[0m  [["key", "environment"], ["LIMIT", 1]]
  ↳ /Users/emiri/.rbenv/versions/2.3.3/bin/rake:22
  [1m[35m (0.0ms)[0m  [1m[36mbegin transaction[0m
  ↳ /Users/emiri/.rbenv/versions/2.3.3/bin/rake:22
  [1m[35m (0.0ms)[0m  [1m[36mcommit transaction[0m
  ↳ /Users/emiri/.rbenv/versions/2.3.3/bin/rake:22
  [1m[35m (0.1ms)[0m  [1m[34mSELECT "schema_migrations"."version" FROM "schema_migrations" ORDER BY "schema_migrations"."version" ASC[0m
  ↳ /Users/emiri/.rbenv/versions/2.3.3/bin/rake:22
  [1m[35m (0.2ms)[0m  [1m[34mSELECT "schema_migrations"."version" FROM "schema_migrations" ORDER BY "schema_migrations"."version" ASC[0m
  ↳ /Users/emiri/.rbenv/versions/2.3.3/bin/rake:22
  [1m[35m (0.1ms)[0m  [1m[34mSELECT "schema_migrations"."version" FROM "schema_migrations" ORDER BY "schema_migrations"."version" ASC[0m
  ↳ /Users/emiri/.rbenv/versions/2.3.3/bin/rake:22
  [1m[35m (0.1ms)[0m  [1m[34mSELECT "schema_migrations"."version" FROM "schema_migrations" ORDER BY "schema_migrations"."version" ASC[0m
  ↳ /Users/emiri/.rbenv/versions/2.3.3/bin/rake:22
  [1m[35m (0.1ms)[0m  [1m[34mSELECT "schema_migrations"."version" FROM "schema_migrations" ORDER BY "schema_migrations"."version" ASC[0m
  ↳ /Users/emiri/.rbenv/versions/2.3.3/bin/rake:22
Migrating to CreateParkingTransaction (20190121125221)
  [1m[35m (0.0ms)[0m  [1m[36mbegin transaction[0m
  ↳ /Users/emiri/.rbenv/versions/2.3.3/bin/rake:22
  [1m[35m (0.4ms)[0m  [1m[35mDROP INDEX "index_parking_transactions_on_ticket"[0m
  ↳ /Users/emiri/.rbenv/versions/2.3.3/bin/rake:22
  [1m[35m (0.1ms)[0m  [1m[35mDROP INDEX "index_parking_transactions_on_active"[0m
  ↳ /Users/emiri/.rbenv/versions/2.3.3/bin/rake:22
  [1m[35m (0.2ms)[0m  [1m[35mDROP TABLE "parking_transactions"[0m
  ↳ /Users/emiri/.rbenv/versions/2.3.3/bin/rake:22
  [1m[36mActiveRecord::SchemaMigration Destroy (0.2ms)[0m  [1m[31mDELETE FROM "schema_migrations" WHERE "schema_migrations"."version" = ?[0m  [["version", "20190121125221"]]
  ↳ /Users/emiri/.rbenv/versions/2.3.3/bin/rake:22
  [1m[35m (2.9ms)[0m  [1m[36mcommit transaction[0m
  ↳ /Users/emiri/.rbenv/versions/2.3.3/bin/rake:22
  [1m[35m (0.4ms)[0m  [1m[34mSELECT "schema_migrations"."version" FROM "schema_migrations" ORDER BY "schema_migrations"."version" ASC[0m
  ↳ /Users/emiri/.rbenv/versions/2.3.3/bin/rake:22
  [1m[35m (0.1ms)[0m  [1m[34mSELECT "schema_migrations"."version" FROM "schema_migrations" ORDER BY "schema_migrations"."version" ASC[0m
  ↳ /Users/emiri/.rbenv/versions/2.3.3/bin/rake:22
Migrating to CreateParkingTransaction (20190121125221)
  [1m[35m (0.1ms)[0m  [1m[36mbegin transaction[0m
  ↳ /Users/emiri/.rbenv/versions/2.3.3/bin/rake:22
  [1m[35m (0.1ms)[0m  [1m[34mSELECT sqlite_version(*)[0m
  ↳ db/migrate/20190121125221_create_parking_transaction.rb:3
  [1m[35m (0.4ms)[0m  [1m[35mCREATE TABLE "parking_transactions" ("id" integer PRIMARY KEY AUTOINCREMENT NOT NULL, "floor_id" integer, "active" boolean DEFAULT 1 NOT NULL, "ticket" varchar NOT NULL)[0m
  ↳ db/migrate/20190121125221_create_parking_transaction.rb:3
  [1m[35m (0.1ms)[0m  [1m[35mCREATE  INDEX "index_parking_transactions_on_floor_id" ON "parking_transactions" ("floor_id")[0m
  ↳ db/migrate/20190121125221_create_parking_transaction.rb:3
  [1m[35m (0.1ms)[0m  [1m[35mCREATE  INDEX "index_parking_transactions_on_active_and_ticket" ON "parking_transactions" ("active", "ticket")[0m
  ↳ db/migrate/20190121125221_create_parking_transaction.rb:9
  [1m[36mActiveRecord::SchemaMigration Create (0.2ms)[0m  [1m[32mINSERT INTO "schema_migrations" ("version") VALUES (?)[0m  [["version", "20190121125221"]]
  ↳ /Users/emiri/.rbenv/versions/2.3.3/bin/rake:22
  [1m[35m (0.7ms)[0m  [1m[36mcommit transaction[0m
  ↳ /Users/emiri/.rbenv/versions/2.3.3/bin/rake:22
  [1m[36mActiveRecord::InternalMetadata Load (0.3ms)[0m  [1m[34mSELECT  "ar_internal_metadata".* FROM "ar_internal_metadata" WHERE "ar_internal_metadata"."key" = ? LIMIT ?[0m  [["key", "environment"], ["LIMIT", 1]]
  ↳ /Users/emiri/.rbenv/versions/2.3.3/bin/rake:22
  [1m[35m (0.0ms)[0m  [1m[36mbegin transaction[0m
  ↳ /Users/emiri/.rbenv/versions/2.3.3/bin/rake:22
  [1m[35m (0.0ms)[0m  [1m[36mcommit transaction[0m
  ↳ /Users/emiri/.rbenv/versions/2.3.3/bin/rake:22
  [1m[35m (0.1ms)[0m  [1m[34mSELECT "schema_migrations"."version" FROM "schema_migrations" ORDER BY "schema_migrations"."version" ASC[0m
  ↳ /Users/emiri/.rbenv/versions/2.3.3/bin/rake:22
  [1m[35m (0.2ms)[0m  [1m[34mSELECT "schema_migrations"."version" FROM "schema_migrations" ORDER BY "schema_migrations"."version" ASC[0m
  ↳ /Users/emiri/.rbenv/versions/2.3.3/bin/rake:22
  [1m[35m (0.1ms)[0m  [1m[34mSELECT "schema_migrations"."version" FROM "schema_migrations" ORDER BY "schema_migrations"."version" ASC[0m
  ↳ /Users/emiri/.rbenv/versions/2.3.3/bin/rake:22
  [1m[35m (0.1ms)[0m  [1m[34mSELECT "schema_migrations"."version" FROM "schema_migrations" ORDER BY "schema_migrations"."version" ASC[0m
  ↳ /Users/emiri/.rbenv/versions/2.3.3/bin/rake:22
  [1m[35m (0.1ms)[0m  [1m[34mSELECT "schema_migrations"."version" FROM "schema_migrations" ORDER BY "schema_migrations"."version" ASC[0m
  ↳ /Users/emiri/.rbenv/versions/2.3.3/bin/rake:22
Migrating to CreateParkingTransaction (20190121125221)
  [1m[35m (0.1ms)[0m  [1m[36mbegin transaction[0m
  ↳ /Users/emiri/.rbenv/versions/2.3.3/bin/rake:22
  [1m[35m (0.4ms)[0m  [1m[35mDROP INDEX "index_parking_transactions_on_active_and_ticket"[0m
  ↳ /Users/emiri/.rbenv/versions/2.3.3/bin/rake:22
  [1m[35m (0.2ms)[0m  [1m[35mDROP TABLE "parking_transactions"[0m
  ↳ /Users/emiri/.rbenv/versions/2.3.3/bin/rake:22
  [1m[36mActiveRecord::SchemaMigration Destroy (0.2ms)[0m  [1m[31mDELETE FROM "schema_migrations" WHERE "schema_migrations"."version" = ?[0m  [["version", "20190121125221"]]
  ↳ /Users/emiri/.rbenv/versions/2.3.3/bin/rake:22
  [1m[35m (0.9ms)[0m  [1m[36mcommit transaction[0m
  ↳ /Users/emiri/.rbenv/versions/2.3.3/bin/rake:22
  [1m[35m (0.1ms)[0m  [1m[34mSELECT "schema_migrations"."version" FROM "schema_migrations" ORDER BY "schema_migrations"."version" ASC[0m
  ↳ /Users/emiri/.rbenv/versions/2.3.3/bin/rake:22
  [1m[35m (0.1ms)[0m  [1m[34mSELECT "schema_migrations"."version" FROM "schema_migrations" ORDER BY "schema_migrations"."version" ASC[0m
  ↳ /Users/emiri/.rbenv/versions/2.3.3/bin/rake:22
Migrating to CreateParkingTransaction (20190121125221)
  [1m[35m (0.1ms)[0m  [1m[36mbegin transaction[0m
  ↳ /Users/emiri/.rbenv/versions/2.3.3/bin/rake:22
  [1m[35m (0.1ms)[0m  [1m[34mSELECT sqlite_version(*)[0m
  ↳ db/migrate/20190121125221_create_parking_transaction.rb:3
  [1m[35m (0.4ms)[0m  [1m[35mCREATE TABLE "parking_transactions" ("id" integer PRIMARY KEY AUTOINCREMENT NOT NULL, "floor_id" integer, "active" boolean DEFAULT 1 NOT NULL, "ticket" varchar NOT NULL)[0m
  ↳ db/migrate/20190121125221_create_parking_transaction.rb:3
  [1m[35m (0.1ms)[0m  [1m[35mCREATE  INDEX "index_parking_transactions_on_floor_id" ON "parking_transactions" ("floor_id")[0m
  ↳ db/migrate/20190121125221_create_parking_transaction.rb:3
  [1m[35m (0.1ms)[0m  [1m[35mCREATE UNIQUE INDEX "index_parking_transactions_on_active_and_ticket" ON "parking_transactions" ("active", "ticket")[0m
  ↳ db/migrate/20190121125221_create_parking_transaction.rb:9
  [1m[36mActiveRecord::SchemaMigration Create (0.2ms)[0m  [1m[32mINSERT INTO "schema_migrations" ("version") VALUES (?)[0m  [["version", "20190121125221"]]
  ↳ /Users/emiri/.rbenv/versions/2.3.3/bin/rake:22
  [1m[35m (0.9ms)[0m  [1m[36mcommit transaction[0m
  ↳ /Users/emiri/.rbenv/versions/2.3.3/bin/rake:22
  [1m[36mActiveRecord::InternalMetadata Load (0.2ms)[0m  [1m[34mSELECT  "ar_internal_metadata".* FROM "ar_internal_metadata" WHERE "ar_internal_metadata"."key" = ? LIMIT ?[0m  [["key", "environment"], ["LIMIT", 1]]
  ↳ /Users/emiri/.rbenv/versions/2.3.3/bin/rake:22
  [1m[35m (0.1ms)[0m  [1m[36mbegin transaction[0m
  ↳ /Users/emiri/.rbenv/versions/2.3.3/bin/rake:22
  [1m[35m (0.0ms)[0m  [1m[36mcommit transaction[0m
  ↳ /Users/emiri/.rbenv/versions/2.3.3/bin/rake:22
  [1m[35m (0.1ms)[0m  [1m[34mSELECT "schema_migrations"."version" FROM "schema_migrations" ORDER BY "schema_migrations"."version" ASC[0m
  ↳ /Users/emiri/.rbenv/versions/2.3.3/bin/rake:22
  [1m[36mFloor Load (0.1ms)[0m  [1m[34mSELECT  "floors".* FROM "floors" ORDER BY "floors"."id" DESC LIMIT ?[0m  [["LIMIT", 1]]
  [1m[35m (0.1ms)[0m  [1m[36mbegin transaction[0m
  [1m[36mParkingTransaction Exists (0.2ms)[0m  [1m[34mSELECT  1 AS one FROM "parking_transactions" WHERE "parking_transactions"."ticket" IS NULL AND "parking_transactions"."active" = ? LIMIT ?[0m  [["active", 1], ["LIMIT", 1]]
  [1m[36mGarage Load (0.1ms)[0m  [1m[34mSELECT  "garages".* FROM "garages" WHERE "garages"."id" = ? LIMIT ?[0m  [["id", 1], ["LIMIT", 1]]
  [1m[35m (0.3ms)[0m  [1m[34mSELECT COUNT(*) FROM "parking_transactions" WHERE "parking_transactions"."floor_id" IN (SELECT "floors"."id" FROM "floors" WHERE "floors"."garage_id" = ?)[0m  [["garage_id", 1]]
  [1m[36mFloor Load (0.1ms)[0m  [1m[34mSELECT "floors".* FROM "floors" WHERE "floors"."garage_id" = ?[0m  [["garage_id", 1]]
  [1m[36mParkingTransaction Create (0.4ms)[0m  [1m[32mINSERT INTO "parking_transactions" ("floor_id", "ticket") VALUES (?, ?)[0m  [["floor_id", 2], ["ticket", "048394dc-9d6e-4f56-a4fd-7250e8a23e76"]]
  [1m[35m (0.7ms)[0m  [1m[36mcommit transaction[0m
  [1m[36mFloor Load (0.2ms)[0m  [1m[34mSELECT  "floors".* FROM "floors" ORDER BY "floors"."id" DESC LIMIT ?[0m  [["LIMIT", 1]]
  [1m[35m (0.1ms)[0m  [1m[36mbegin transaction[0m
  [1m[36mParkingTransaction Exists (0.2ms)[0m  [1m[34mSELECT  1 AS one FROM "parking_transactions" WHERE "parking_transactions"."ticket" IS NULL AND "parking_transactions"."active" = ? LIMIT ?[0m  [["active", 1], ["LIMIT", 1]]
  [1m[36mGarage Load (0.1ms)[0m  [1m[34mSELECT  "garages".* FROM "garages" WHERE "garages"."id" = ? LIMIT ?[0m  [["id", 1], ["LIMIT", 1]]
  [1m[35m (0.2ms)[0m  [1m[34mSELECT COUNT(*) FROM "parking_transactions" WHERE "parking_transactions"."active" = ? AND "parking_transactions"."floor_id" IN (SELECT "floors"."id" FROM "floors" WHERE "floors"."garage_id" = ?)[0m  [["active", 1], ["garage_id", 1]]
  [1m[36mFloor Load (0.1ms)[0m  [1m[34mSELECT "floors".* FROM "floors" WHERE "floors"."garage_id" = ?[0m  [["garage_id", 1]]
  [1m[36mParkingTransaction Create (0.6ms)[0m  [1m[32mINSERT INTO "parking_transactions" ("floor_id", "ticket") VALUES (?, ?)[0m  [["floor_id", 2], ["ticket", "14fbd045-6f4c-4484-94fd-42e94ac7bc94"]]
  [1m[35m (2.3ms)[0m  [1m[36mcommit transaction[0m
  [1m[36mFloor Load (0.1ms)[0m  [1m[34mSELECT  "floors".* FROM "floors" ORDER BY "floors"."id" ASC LIMIT ?[0m  [["LIMIT", 1]]
  [1m[35m (0.1ms)[0m  [1m[36mbegin transaction[0m
  [1m[36mParkingTransaction Exists (0.2ms)[0m  [1m[34mSELECT  1 AS one FROM "parking_transactions" WHERE "parking_transactions"."ticket" IS NULL AND "parking_transactions"."active" = ? LIMIT ?[0m  [["active", 1], ["LIMIT", 1]]
  [1m[36mGarage Load (0.2ms)[0m  [1m[34mSELECT  "garages".* FROM "garages" WHERE "garages"."id" = ? LIMIT ?[0m  [["id", 1], ["LIMIT", 1]]
  [1m[35m (0.2ms)[0m  [1m[34mSELECT COUNT(*) FROM "parking_transactions" WHERE "parking_transactions"."active" = ? AND "parking_transactions"."floor_id" IN (SELECT "floors"."id" FROM "floors" WHERE "floors"."garage_id" = ?)[0m  [["active", 1], ["garage_id", 1]]
  [1m[36mFloor Load (0.1ms)[0m  [1m[34mSELECT "floors".* FROM "floors" WHERE "floors"."garage_id" = ?[0m  [["garage_id", 1]]
  [1m[35m (0.1ms)[0m  [1m[31mrollback transaction[0m
  [1m[36mFloor Load (0.2ms)[0m  [1m[34mSELECT  "floors".* FROM "floors" ORDER BY "floors"."id" ASC LIMIT ?[0m  [["LIMIT", 1]]
  [1m[35m (0.1ms)[0m  [1m[36mbegin transaction[0m
  [1m[36mParkingTransaction Exists (0.1ms)[0m  [1m[34mSELECT  1 AS one FROM "parking_transactions" WHERE "parking_transactions"."ticket" = ? AND "parking_transactions"."active" = ? LIMIT ?[0m  [["ticket", "e274256a-ae1c-4d9d-b6e2-5bd819c8f154"], ["active", 1], ["LIMIT", 1]]
  [1m[36mGarage Load (0.1ms)[0m  [1m[34mSELECT  "garages".* FROM "garages" WHERE "garages"."id" = ? LIMIT ?[0m  [["id", 1], ["LIMIT", 1]]
  [1m[35m (0.3ms)[0m  [1m[34mSELECT COUNT(*) FROM "parking_transactions" WHERE "parking_transactions"."active" = ? AND "parking_transactions"."floor_id" IN (SELECT "floors"."id" FROM "floors" WHERE "floors"."garage_id" = ?)[0m  [["active", 1], ["garage_id", 1]]
  [1m[36mFloor Load (0.2ms)[0m  [1m[34mSELECT "floors".* FROM "floors" WHERE "floors"."garage_id" = ?[0m  [["garage_id", 1]]
  [1m[36mParkingTransaction Create (0.9ms)[0m  [1m[32mINSERT INTO "parking_transactions" ("floor_id", "ticket") VALUES (?, ?)[0m  [["floor_id", 1], ["ticket", "e274256a-ae1c-4d9d-b6e2-5bd819c8f154"]]
  [1m[35m (1.8ms)[0m  [1m[36mcommit transaction[0m
  [1m[35m (0.1ms)[0m  [1m[34mSELECT "schema_migrations"."version" FROM "schema_migrations" ORDER BY "schema_migrations"."version" ASC[0m
  ↳ /Users/emiri/.rbenv/versions/2.3.3/bin/rake:22
  [1m[35m (0.1ms)[0m  [1m[34mSELECT "schema_migrations"."version" FROM "schema_migrations" ORDER BY "schema_migrations"."version" ASC[0m
  ↳ /Users/emiri/.rbenv/versions/2.3.3/bin/rake:22
  [1m[35m (0.1ms)[0m  [1m[34mSELECT "schema_migrations"."version" FROM "schema_migrations" ORDER BY "schema_migrations"."version" ASC[0m
  ↳ /Users/emiri/.rbenv/versions/2.3.3/bin/rake:22
  [1m[35m (0.1ms)[0m  [1m[34mSELECT "schema_migrations"."version" FROM "schema_migrations" ORDER BY "schema_migrations"."version" ASC[0m
  ↳ /Users/emiri/.rbenv/versions/2.3.3/bin/rake:22
Migrating to CreateParkingTransaction (20190121125221)
  [1m[35m (0.1ms)[0m  [1m[36mbegin transaction[0m
  ↳ /Users/emiri/.rbenv/versions/2.3.3/bin/rake:22
  [1m[35m (0.4ms)[0m  [1m[35mDROP INDEX "index_parking_transactions_on_active_and_ticket"[0m
  ↳ /Users/emiri/.rbenv/versions/2.3.3/bin/rake:22
  [1m[35m (0.2ms)[0m  [1m[35mDROP TABLE "parking_transactions"[0m
  ↳ /Users/emiri/.rbenv/versions/2.3.3/bin/rake:22
  [1m[36mActiveRecord::SchemaMigration Destroy (0.1ms)[0m  [1m[31mDELETE FROM "schema_migrations" WHERE "schema_migrations"."version" = ?[0m  [["version", "20190121125221"]]
  ↳ /Users/emiri/.rbenv/versions/2.3.3/bin/rake:22
  [1m[35m (1.1ms)[0m  [1m[36mcommit transaction[0m
  ↳ /Users/emiri/.rbenv/versions/2.3.3/bin/rake:22
  [1m[35m (0.1ms)[0m  [1m[34mSELECT "schema_migrations"."version" FROM "schema_migrations" ORDER BY "schema_migrations"."version" ASC[0m
  ↳ /Users/emiri/.rbenv/versions/2.3.3/bin/rake:22
  [1m[35m (0.1ms)[0m  [1m[34mSELECT "schema_migrations"."version" FROM "schema_migrations" ORDER BY "schema_migrations"."version" ASC[0m
  ↳ /Users/emiri/.rbenv/versions/2.3.3/bin/rake:22
Migrating to CreateParkingTransaction (20190121125221)
  [1m[35m (0.0ms)[0m  [1m[36mbegin transaction[0m
  ↳ /Users/emiri/.rbenv/versions/2.3.3/bin/rake:22
  [1m[35m (0.1ms)[0m  [1m[34mSELECT sqlite_version(*)[0m
  ↳ db/migrate/20190121125221_create_parking_transaction.rb:3
  [1m[35m (0.5ms)[0m  [1m[35mCREATE TABLE "parking_transactions" ("id" integer PRIMARY KEY AUTOINCREMENT NOT NULL, "floor_id" integer, "active" boolean DEFAULT 1 NOT NULL, "ticket" varchar NOT NULL)[0m
  ↳ db/migrate/20190121125221_create_parking_transaction.rb:3
  [1m[35m (0.1ms)[0m  [1m[35mCREATE  INDEX "index_parking_transactions_on_floor_id" ON "parking_transactions" ("floor_id")[0m
  ↳ db/migrate/20190121125221_create_parking_transaction.rb:3
  [1m[35m (0.1ms)[0m  [1m[35mCREATE UNIQUE INDEX "index_parking_transactions_on_active_and_ticket" ON "parking_transactions" ("active", "ticket")[0m
  ↳ db/migrate/20190121125221_create_parking_transaction.rb:11
  [1m[35m (0.1ms)[0m  [1m[35mCREATE UNIQUE INDEX "index_parking_transactions_on_active_and_floor_id" ON "parking_transactions" ("active", "floor_id")[0m
  ↳ db/migrate/20190121125221_create_parking_transaction.rb:13
  [1m[36mActiveRecord::SchemaMigration Create (0.2ms)[0m  [1m[32mINSERT INTO "schema_migrations" ("version") VALUES (?)[0m  [["version", "20190121125221"]]
  ↳ /Users/emiri/.rbenv/versions/2.3.3/bin/rake:22
  [1m[35m (1.3ms)[0m  [1m[36mcommit transaction[0m
  ↳ /Users/emiri/.rbenv/versions/2.3.3/bin/rake:22
  [1m[36mActiveRecord::InternalMetadata Load (0.3ms)[0m  [1m[34mSELECT  "ar_internal_metadata".* FROM "ar_internal_metadata" WHERE "ar_internal_metadata"."key" = ? LIMIT ?[0m  [["key", "environment"], ["LIMIT", 1]]
  ↳ /Users/emiri/.rbenv/versions/2.3.3/bin/rake:22
  [1m[35m (0.0ms)[0m  [1m[36mbegin transaction[0m
  ↳ /Users/emiri/.rbenv/versions/2.3.3/bin/rake:22
  [1m[35m (0.0ms)[0m  [1m[36mcommit transaction[0m
  ↳ /Users/emiri/.rbenv/versions/2.3.3/bin/rake:22
  [1m[35m (0.1ms)[0m  [1m[34mSELECT "schema_migrations"."version" FROM "schema_migrations" ORDER BY "schema_migrations"."version" ASC[0m
  ↳ /Users/emiri/.rbenv/versions/2.3.3/bin/rake:22
